# JRE version: OpenJDK Runtime Environment Temurin-21.0.3+9 (21.0.3+9) (build 21.0.3+9-LTS)
# Java VM: OpenJDK 64-Bit Server VM Temurin-21.0.3+9 (21.0.3+9-LTS, mixed mode, emulated-client, tiered, compressed oops, compressed class ptrs, g1 gc, windows-amd64)
GC Precious Log:
 CardTable entry size: 512
 Card Set container configuration: InlinePtr #cards 4 size 8 Array Of Cards #cards 16 size 48 Howl #buckets 8 coarsen threshold 3686 Howl Bitmap #cards 512 size 80 coarsen threshold 460 Card regions per heap region 1 cards per card region 4096
 CPUs: 16 total, 16 available
 Memory: 15614M
 Large Page Support: Disabled
 NUMA Support: Disabled
 Compressed Oops: Enabled (Zero based)
 Heap Region Size: 2M
 Heap Min Capacity: 8M
 Heap Initial Capacity: 244M
 Heap Max Capacity: 3904M
 Pre-touch: Disabled
 Parallel Workers: 13
 Concurrent Workers: 3
 Concurrent Refinement Workers: 13
 Periodic GC: Disabled
Heap:
 garbage-first heap   total 94208K, used 60924K [0x000000070c000000, 0x0000000800000000)
  region size 2048K, 15 young (30720K), 2 survivors (4096K)
 Metaspace       used 83623K, committed 84416K, reserved 1179648K
  class space    used 10950K, committed 11328K, reserved 1048576K
GC Heap History (20 events):
Event: 6.132 GC heap before
{Heap before GC invocations=15 (full 0):
 garbage-first heap   total 77824K, used 64851K [0x000000070c000000, 0x0000000800000000)
  region size 2048K, 22 young (45056K), 2 survivors (4096K)
 Metaspace       used 55744K, committed 56320K, reserved 1114112K
  class space    used 6855K, committed 7104K, reserved 1048576K
}
Event: 6.135 GC heap after
{Heap after GC invocations=16 (full 0):
 garbage-first heap   total 94208K, used 25250K [0x000000070c000000, 0x0000000800000000)
  region size 2048K, 2 young (4096K), 2 survivors (4096K)
 Metaspace       used 55744K, committed 56320K, reserved 1114112K
  class space    used 6855K, committed 7104K, reserved 1048576K
}
Event: 6.646 GC heap before
{Heap before GC invocations=16 (full 0):
 garbage-first heap   total 94208K, used 72354K [0x000000070c000000, 0x0000000800000000)
  region size 2048K, 26 young (53248K), 2 survivors (4096K)
 Metaspace       used 59692K, committed 60288K, reserved 1114112K
  class space    used 7530K, committed 7808K, reserved 1048576K
}
Event: 6.650 GC heap after
{Heap after GC invocations=17 (full 0):
 garbage-first heap   total 94208K, used 26420K [0x000000070c000000, 0x0000000800000000)
  region size 2048K, 3 young (6144K), 3 survivors (6144K)
 Metaspace       used 59692K, committed 60288K, reserved 1114112K
  class space    used 7530K, committed 7808K, reserved 1048576K
}
Event: 7.154 GC heap before
{Heap before GC invocations=18 (full 0):
 garbage-first heap   total 94208K, used 75572K [0x000000070c000000, 0x0000000800000000)
  region size 2048K, 27 young (55296K), 3 survivors (6144K)
 Metaspace       used 64092K, committed 64704K, reserved 1114112K
  class space    used 8118K, committed 8384K, reserved 1048576K
}
Event: 7.158 GC heap after
{Heap after GC invocations=19 (full 0):
 garbage-first heap   total 94208K, used 27093K [0x000000070c000000, 0x0000000800000000)
  region size 2048K, 3 young (6144K), 3 survivors (6144K)
 Metaspace       used 64092K, committed 64704K, reserved 1114112K
  class space    used 8118K, committed 8384K, reserved 1048576K
}
Event: 7.696 GC heap before
{Heap before GC invocations=19 (full 0):
 garbage-first heap   total 94208K, used 74197K [0x000000070c000000, 0x0000000800000000)
  region size 2048K, 27 young (55296K), 3 survivors (6144K)
 Metaspace       used 69663K, committed 70272K, reserved 1114112K
  class space    used 8962K, committed 9216K, reserved 1048576K
}
Event: 7.702 GC heap after
{Heap after GC invocations=20 (full 0):
 garbage-first heap   total 94208K, used 27889K [0x000000070c000000, 0x0000000800000000)
  region size 2048K, 3 young (6144K), 3 survivors (6144K)
 Metaspace       used 69663K, committed 70272K, reserved 1114112K
  class space    used 8962K, committed 9216K, reserved 1048576K
}
Event: 8.307 GC heap before
{Heap before GC invocations=20 (full 0):
 garbage-first heap   total 94208K, used 74993K [0x000000070c000000, 0x0000000800000000)
  region size 2048K, 27 young (55296K), 3 survivors (6144K)
 Metaspace       used 73428K, committed 74112K, reserved 1114112K
  class space    used 9522K, committed 9856K, reserved 1048576K
}
Event: 8.312 GC heap after
{Heap after GC invocations=21 (full 0):
 garbage-first heap   total 94208K, used 32531K [0x000000070c000000, 0x0000000800000000)
  region size 2048K, 4 young (8192K), 4 survivors (8192K)
 Metaspace       used 73428K, committed 74112K, reserved 1114112K
  class space    used 9522K, committed 9856K, reserved 1048576K
}
Event: 8.791 GC heap before
{Heap before GC invocations=21 (full 0):
 garbage-first heap   total 94208K, used 77587K [0x000000070c000000, 0x0000000800000000)
  region size 2048K, 26 young (53248K), 4 survivors (8192K)
 Metaspace       used 76473K, committed 77184K, reserved 1179648K
  class space    used 9990K, committed 10304K, reserved 1048576K
}
Event: 8.799 GC heap after
{Heap after GC invocations=22 (full 0):
 garbage-first heap   total 94208K, used 34156K [0x000000070c000000, 0x0000000800000000)
  region size 2048K, 2 young (4096K), 2 survivors (4096K)
 Metaspace       used 76473K, committed 77184K, reserved 1179648K
  class space    used 9990K, committed 10304K, reserved 1048576K
}
Event: 9.405 GC heap before
{Heap before GC invocations=22 (full 0):
 garbage-first heap   total 94208K, used 79212K [0x000000070c000000, 0x0000000800000000)
  region size 2048K, 25 young (51200K), 2 survivors (4096K)
 Metaspace       used 79518K, committed 80256K, reserved 1179648K
  class space    used 10404K, committed 10752K, reserved 1048576K
}
Event: 9.411 GC heap after
{Heap after GC invocations=23 (full 0):
 garbage-first heap   total 94208K, used 36957K [0x000000070c000000, 0x0000000800000000)
  region size 2048K, 3 young (6144K), 3 survivors (6144K)
 Metaspace       used 79518K, committed 80256K, reserved 1179648K
  class space    used 10404K, committed 10752K, reserved 1048576K
}
Event: 43.740 GC heap before
{Heap before GC invocations=23 (full 0):
 garbage-first heap   total 94208K, used 77917K [0x000000070c000000, 0x0000000800000000)
  region size 2048K, 24 young (49152K), 3 survivors (6144K)
 Metaspace       used 83188K, committed 83904K, reserved 1179648K
  class space    used 10878K, committed 11200K, reserved 1048576K
}
Event: 43.752 GC heap after
{Heap after GC invocations=24 (full 0):
 garbage-first heap   total 94208K, used 38737K [0x000000070c000000, 0x0000000800000000)
  region size 2048K, 3 young (6144K), 3 survivors (6144K)
 Metaspace       used 83188K, committed 83904K, reserved 1179648K
  class space    used 10878K, committed 11200K, reserved 1048576K
}
Event: 269.717 GC heap before
{Heap before GC invocations=24 (full 0):
 garbage-first heap   total 94208K, used 53073K [0x000000070c000000, 0x0000000800000000)
  region size 2048K, 11 young (22528K), 3 survivors (6144K)
 Metaspace       used 83404K, committed 84224K, reserved 1179648K
  class space    used 10918K, committed 11264K, reserved 1048576K
}
Event: 269.792 GC heap after
{Heap after GC invocations=25 (full 1):
 garbage-first heap   total 94208K, used 32969K [0x000000070c000000, 0x0000000800000000)
  region size 2048K, 0 young (0K), 0 survivors (0K)
 Metaspace       used 83400K, committed 84224K, reserved 1179648K
  class space    used 10918K, committed 11264K, reserved 1048576K
}
Event: 270.764 GC heap before
{Heap before GC invocations=25 (full 1):
 garbage-first heap   total 94208K, used 80073K [0x000000070c000000, 0x0000000800000000)
  region size 2048K, 23 young (47104K), 0 survivors (0K)
 Metaspace       used 83505K, committed 84288K, reserved 1179648K
  class space    used 10937K, committed 11264K, reserved 1048576K
}
Event: 270.770 GC heap after
{Heap after GC invocations=26 (full 1):
 garbage-first heap   total 94208K, used 36348K [0x000000070c000000, 0x0000000800000000)
  region size 2048K, 2 young (4096K), 2 survivors (4096K)
 Metaspace       used 83505K, committed 84288K, reserved 1179648K
  class space    used 10937K, committed 11264K, reserved 1048576K
}

